<?xml version="1.0" encoding="UTF-8"?>
<testsuite name="com.bookshop.edge_service.EdgeServiceApplicationTests" tests="1" skipped="0" failures="0" errors="0" timestamp="2024-11-15T18:59:12" hostname="ValeriedeMacBook-Pro.local" time="0.352">
  <properties/>
  <testcase name="verifyThatSpringContextLoads()" classname="com.bookshop.edge_service.EdgeServiceApplicationTests" time="0.352"/>
  <system-out><![CDATA[02:59:10.694 [Test worker] INFO org.springframework.test.context.support.AnnotationConfigContextLoaderUtils -- Could not detect default configuration classes for test class [com.bookshop.edge_service.EdgeServiceApplicationTests]: EdgeServiceApplicationTests does not declare any static, non-private, non-final, nested classes annotated with @Configuration.
02:59:10.735 [Test worker] INFO org.springframework.boot.test.context.SpringBootTestContextBootstrapper -- Found @SpringBootConfiguration com.bookshop.edge_service.EdgeServiceApplication for test class com.bookshop.edge_service.EdgeServiceApplicationTests
02:59:10.779 [Test worker] INFO org.testcontainers.utility.ImageNameSubstitutor -- Image name substitution will be performed by: DefaultImageNameSubstitutor (composite of 'ConfigurationFileImageNameSubstitutor' and 'PrefixingImageNameSubstitutor')
02:59:10.791 [Test worker] INFO org.testcontainers.dockerclient.DockerClientProviderStrategy -- Loaded org.testcontainers.dockerclient.UnixSocketClientProviderStrategy from ~/.testcontainers.properties, will try it first
02:59:10.948 [Test worker] INFO org.testcontainers.dockerclient.DockerClientProviderStrategy -- Found Docker environment with local Unix socket (unix:///var/run/docker.sock)
02:59:10.949 [Test worker] INFO org.testcontainers.DockerClientFactory -- Docker host IP address is localhost
02:59:10.961 [Test worker] INFO org.testcontainers.DockerClientFactory -- Connected to docker: 
  Server Version: 26.1.4
  API Version: 1.45
  Operating System: Docker Desktop
  Total Memory: 11952 MB
02:59:10.984 [Test worker] INFO ]]>&#x1f433;<![CDATA[ [testcontainers/ryuk:0.3.3] -- Creating container for image: testcontainers/ryuk:0.3.3
02:59:11.140 [Test worker] INFO ]]>&#x1f433;<![CDATA[ [testcontainers/ryuk:0.3.3] -- Container testcontainers/ryuk:0.3.3 is starting: fec9216201bf3decd12e47c449252e1bc1ae5e93827173c610186c1e528548a8
02:59:11.378 [Test worker] INFO ]]>&#x1f433;<![CDATA[ [testcontainers/ryuk:0.3.3] -- Container testcontainers/ryuk:0.3.3 started in PT0.414237S
02:59:11.387 [Test worker] INFO org.testcontainers.utility.RyukResourceReaper -- Ryuk started - will monitor and terminate Testcontainers containers on JVM exit
02:59:11.387 [Test worker] INFO org.testcontainers.DockerClientFactory -- Checking the system...
02:59:11.387 [Test worker] INFO org.testcontainers.DockerClientFactory -- ✔︎ Docker server version should be at least 1.6.0
02:59:11.387 [Test worker] INFO ]]>&#x1f433;<![CDATA[ [redis:7.0] -- Creating container for image: redis:7.0
02:59:11.412 [Test worker] INFO ]]>&#x1f433;<![CDATA[ [redis:7.0] -- Container redis:7.0 is starting: 03440a97215d2b13618a1c1958af359b6c6508d4ee39aac62ad4e0e4e8357d27
02:59:11.595 [Test worker] INFO ]]>&#x1f433;<![CDATA[ [redis:7.0] -- Container redis:7.0 started in PT0.207392S

  .   ____          _            __ _ _
 /\\ / ___'_ __ _ _(_)_ __  __ _ \ \ \ \
( ( )\___ | '_ | '_| | '_ \/ _` | \ \ \ \
 \\/  ___)| |_)| | | | | || (_| |  ) ) ) )
  '  |____| .__|_| |_|_| |_\__, | / / / /
 =========|_|==============|___/=/_/_/_/

 :: Spring Boot ::                (v3.3.5)

2024-11-16T02:59:11.874+08:00  INFO 82262 --- [edge-service] [    Test worker] c.b.e.EdgeServiceApplicationTests        : Starting EdgeServiceApplicationTests using Java 17.0.13 with PID 82262 (started by valeriefan in /Users/valeriefan/Desktop/bookshop/edge-service)
2024-11-16T02:59:11.874+08:00  INFO 82262 --- [edge-service] [    Test worker] c.b.e.EdgeServiceApplicationTests        : No active profile set, falling back to 1 default profile: "default"
2024-11-16T02:59:11.880+08:00  INFO 82262 --- [edge-service] [    Test worker] o.s.c.c.c.ConfigServerConfigDataLoader   : Fetching config from server at : http://localhost:8888
2024-11-16T02:59:11.880+08:00  INFO 82262 --- [edge-service] [    Test worker] o.s.c.c.c.ConfigServerConfigDataLoader   : Exception on Url - http://localhost:8888:org.springframework.web.client.ResourceAccessException: I/O error on GET request for "http://localhost:8888/edge-service/default": Connection refused. Will be trying the next url if available
2024-11-16T02:59:11.880+08:00  WARN 82262 --- [edge-service] [    Test worker] o.s.c.c.c.ConfigServerConfigDataLoader   : Could not locate PropertySource ([ConfigServerConfigDataResource@6467ddc7 uris = array<String>['http://localhost:8888'], optional = true, profiles = 'default']): I/O error on GET request for "http://localhost:8888/edge-service/default": Connection refused
2024-11-16T02:59:11.880+08:00  INFO 82262 --- [edge-service] [    Test worker] o.s.c.c.c.ConfigServerConfigDataLoader   : Fetching config from server at : http://localhost:8888
2024-11-16T02:59:11.880+08:00  INFO 82262 --- [edge-service] [    Test worker] o.s.c.c.c.ConfigServerConfigDataLoader   : Exception on Url - http://localhost:8888:org.springframework.web.client.ResourceAccessException: I/O error on GET request for "http://localhost:8888/edge-service/default": Connection refused. Will be trying the next url if available
2024-11-16T02:59:11.880+08:00  WARN 82262 --- [edge-service] [    Test worker] o.s.c.c.c.ConfigServerConfigDataLoader   : Could not locate PropertySource ([ConfigServerConfigDataResource@24dd44f9 uris = array<String>['http://localhost:8888'], optional = true, profiles = 'default']): I/O error on GET request for "http://localhost:8888/edge-service/default": Connection refused
2024-11-16T02:59:11.881+08:00  INFO 82262 --- [edge-service] [    Test worker] o.s.c.c.c.ConfigServerConfigDataLoader   : Fetching config from server at : http://localhost:8888
2024-11-16T02:59:11.881+08:00  INFO 82262 --- [edge-service] [    Test worker] o.s.c.c.c.ConfigServerConfigDataLoader   : Exception on Url - http://localhost:8888:org.springframework.web.client.ResourceAccessException: I/O error on GET request for "http://localhost:8888/edge-service/default": Connection refused. Will be trying the next url if available
2024-11-16T02:59:11.881+08:00  WARN 82262 --- [edge-service] [    Test worker] o.s.c.c.c.ConfigServerConfigDataLoader   : Could not locate PropertySource ([ConfigServerConfigDataResource@ccd341d uris = array<String>['http://localhost:8888'], optional = true, profiles = 'default']): I/O error on GET request for "http://localhost:8888/edge-service/default": Connection refused
2024-11-16T02:59:12.124+08:00  INFO 82262 --- [edge-service] [    Test worker] .s.d.r.c.RepositoryConfigurationDelegate : Multiple Spring Data modules found, entering strict repository configuration mode
2024-11-16T02:59:12.125+08:00  INFO 82262 --- [edge-service] [    Test worker] .s.d.r.c.RepositoryConfigurationDelegate : Bootstrapping Spring Data Redis repositories in DEFAULT mode.
2024-11-16T02:59:12.136+08:00  INFO 82262 --- [edge-service] [    Test worker] .s.d.r.c.RepositoryConfigurationDelegate : Finished Spring Data repository scanning in 4 ms. Found 0 Redis repository interfaces.
2024-11-16T02:59:12.244+08:00  INFO 82262 --- [edge-service] [    Test worker] o.s.cloud.context.scope.GenericScope     : BeanFactory id=d5414637-b804-348c-8746-bbc5ed80d1d4
2024-11-16T02:59:12.397+08:00 ERROR 82262 --- [edge-service] [    Test worker] i.n.r.d.DnsServerAddressStreamProviders  : Unable to load io.netty.resolver.dns.macos.MacOSDnsServerAddressStreamProvider, fallback to system defaults. This may result in incorrect DNS resolutions on MacOS. Check whether you have a dependency on 'io.netty:netty-resolver-dns-native-macos'. Use DEBUG level to see the full stack: java.lang.UnsatisfiedLinkError: failed to load the required native library
2024-11-16T02:59:12.645+08:00  INFO 82262 --- [edge-service] [    Test worker] o.s.c.g.r.RouteDefinitionRouteLocator    : Loaded RoutePredicateFactory [After]
2024-11-16T02:59:12.645+08:00  INFO 82262 --- [edge-service] [    Test worker] o.s.c.g.r.RouteDefinitionRouteLocator    : Loaded RoutePredicateFactory [Before]
2024-11-16T02:59:12.645+08:00  INFO 82262 --- [edge-service] [    Test worker] o.s.c.g.r.RouteDefinitionRouteLocator    : Loaded RoutePredicateFactory [Between]
2024-11-16T02:59:12.645+08:00  INFO 82262 --- [edge-service] [    Test worker] o.s.c.g.r.RouteDefinitionRouteLocator    : Loaded RoutePredicateFactory [Cookie]
2024-11-16T02:59:12.645+08:00  INFO 82262 --- [edge-service] [    Test worker] o.s.c.g.r.RouteDefinitionRouteLocator    : Loaded RoutePredicateFactory [Header]
2024-11-16T02:59:12.645+08:00  INFO 82262 --- [edge-service] [    Test worker] o.s.c.g.r.RouteDefinitionRouteLocator    : Loaded RoutePredicateFactory [Host]
2024-11-16T02:59:12.645+08:00  INFO 82262 --- [edge-service] [    Test worker] o.s.c.g.r.RouteDefinitionRouteLocator    : Loaded RoutePredicateFactory [Method]
2024-11-16T02:59:12.645+08:00  INFO 82262 --- [edge-service] [    Test worker] o.s.c.g.r.RouteDefinitionRouteLocator    : Loaded RoutePredicateFactory [Path]
2024-11-16T02:59:12.645+08:00  INFO 82262 --- [edge-service] [    Test worker] o.s.c.g.r.RouteDefinitionRouteLocator    : Loaded RoutePredicateFactory [Query]
2024-11-16T02:59:12.645+08:00  INFO 82262 --- [edge-service] [    Test worker] o.s.c.g.r.RouteDefinitionRouteLocator    : Loaded RoutePredicateFactory [ReadBody]
2024-11-16T02:59:12.645+08:00  INFO 82262 --- [edge-service] [    Test worker] o.s.c.g.r.RouteDefinitionRouteLocator    : Loaded RoutePredicateFactory [RemoteAddr]
2024-11-16T02:59:12.645+08:00  INFO 82262 --- [edge-service] [    Test worker] o.s.c.g.r.RouteDefinitionRouteLocator    : Loaded RoutePredicateFactory [XForwardedRemoteAddr]
2024-11-16T02:59:12.645+08:00  INFO 82262 --- [edge-service] [    Test worker] o.s.c.g.r.RouteDefinitionRouteLocator    : Loaded RoutePredicateFactory [Weight]
2024-11-16T02:59:12.645+08:00  INFO 82262 --- [edge-service] [    Test worker] o.s.c.g.r.RouteDefinitionRouteLocator    : Loaded RoutePredicateFactory [CloudFoundryRouteService]
2024-11-16T02:59:12.832+08:00  INFO 82262 --- [edge-service] [    Test worker] o.s.b.web.embedded.netty.NettyWebServer  : Netty started on port 61409 (http)
2024-11-16T02:59:12.875+08:00  INFO 82262 --- [edge-service] [    Test worker] c.b.e.EdgeServiceApplicationTests        : Started EdgeServiceApplicationTests in 1.259 seconds (process running for 2.492)
]]></system-out>
  <system-err><![CDATA[]]></system-err>
</testsuite>
